<?xml version="1.0" encoding="UTF-8"?>
<testsuite xmlns:xsi="http://www.w3.org/2001/XMLSchema-instance" xsi:noNamespaceSchemaLocation="https://maven.apache.org/surefire/maven-surefire-plugin/xsd/surefire-test-report.xsd" name="com.example.AppTest" time="0.166" tests="1" errors="0" skipped="0" failures="0">
  <properties>
    <property name="java.specification.version" value="17"/>
    <property name="sun.jnu.encoding" value="UTF-8"/>
    <property name="java.class.path" value="/home/cloud/Desktop/sample-java-project/sample-app/target/test-classes:/home/cloud/Desktop/sample-java-project/sample-app/target/classes:/home/cloud/.m2/repository/junit/junit/4.11/junit-4.11.jar:/home/cloud/.m2/repository/org/hamcrest/hamcrest-core/1.3/hamcrest-core-1.3.jar:"/>
    <property name="java.vm.vendor" value="Red Hat, Inc."/>
    <property name="sun.arch.data.model" value="64"/>
    <property name="java.vendor.url" value="https://www.redhat.com/"/>
    <property name="os.name" value="Linux"/>
    <property name="java.vm.specification.version" value="17"/>
    <property name="sun.java.launcher" value="SUN_STANDARD"/>
    <property name="user.country" value="US"/>
    <property name="sun.boot.library.path" value="/usr/lib/jvm/java-17-openjdk-17.0.13.0.11-4.el9.x86_64/lib"/>
    <property name="sun.java.command" value="/home/cloud/Desktop/sample-java-project/sample-app/target/surefire/surefirebooter15975555852564736122.jar /home/cloud/Desktop/sample-java-project/sample-app/target/surefire 2025-07-02T11-02-40_831-jvmRun1 surefire16901930388017394948tmp surefire_011040437147367972908tmp"/>
    <property name="jdk.debug" value="release"/>
    <property name="surefire.test.class.path" value="/home/cloud/Desktop/sample-java-project/sample-app/target/test-classes:/home/cloud/Desktop/sample-java-project/sample-app/target/classes:/home/cloud/.m2/repository/junit/junit/4.11/junit-4.11.jar:/home/cloud/.m2/repository/org/hamcrest/hamcrest-core/1.3/hamcrest-core-1.3.jar:"/>
    <property name="sun.cpu.endian" value="little"/>
    <property name="user.home" value="/home/cloud"/>
    <property name="user.language" value="en"/>
    <property name="java.specification.vendor" value="Oracle Corporation"/>
    <property name="java.version.date" value="2024-10-15"/>
    <property name="java.home" value="/usr/lib/jvm/java-17-openjdk-17.0.13.0.11-4.el9.x86_64"/>
    <property name="file.separator" value="/"/>
    <property name="basedir" value="/home/cloud/Desktop/sample-java-project/sample-app"/>
    <property name="java.vm.compressedOopsMode" value="32-bit"/>
    <property name="line.separator" value="&#10;"/>
    <property name="java.specification.name" value="Java Platform API Specification"/>
    <property name="java.vm.specification.vendor" value="Oracle Corporation"/>
    <property name="surefire.real.class.path" value="/home/cloud/Desktop/sample-java-project/sample-app/target/surefire/surefirebooter15975555852564736122.jar"/>
    <property name="sun.management.compiler" value="HotSpot 64-Bit Tiered Compilers"/>
    <property name="java.runtime.version" value="17.0.13+11-LTS"/>
    <property name="user.name" value="cloud"/>
    <property name="path.separator" value=":"/>
    <property name="os.version" value="5.14.0-503.21.1.el9_5.x86_64"/>
    <property name="java.runtime.name" value="OpenJDK Runtime Environment"/>
    <property name="file.encoding" value="UTF-8"/>
    <property name="java.vm.name" value="OpenJDK 64-Bit Server VM"/>
    <property name="java.vendor.version" value="(Red_Hat-17.0.13.0.11-1)"/>
    <property name="localRepository" value="/home/cloud/.m2/repository"/>
    <property name="java.vendor.url.bug" value="https://access.redhat.com/support/cases/"/>
    <property name="java.io.tmpdir" value="/tmp"/>
    <property name="java.version" value="17.0.13"/>
    <property name="user.dir" value="/home/cloud/Desktop/sample-java-project/sample-app"/>
    <property name="os.arch" value="amd64"/>
    <property name="java.vm.specification.name" value="Java Virtual Machine Specification"/>
    <property name="native.encoding" value="UTF-8"/>
    <property name="java.library.path" value="/usr/java/packages/lib:/usr/lib64:/lib64:/lib:/usr/lib"/>
    <property name="java.vm.info" value="mixed mode, sharing"/>
    <property name="java.vendor" value="Red Hat, Inc."/>
    <property name="java.vm.version" value="17.0.13+11-LTS"/>
    <property name="java.specification.maintenance.version" value="1"/>
    <property name="sun.io.unicode.encoding" value="UnicodeLittle"/>
    <property name="java.class.version" value="61.0"/>
  </properties>
  <testcase name="shouldAnswerWithTrue" classname="com.example.AppTest" time="0.01"/>
</testsuite>